<?xml version="1.0" encoding="UTF-8"?>
<!-- Generated by org.testng.reporters.JUnitXMLReporter -->
<testsuite ignored="1" hostname="DESKTOP-BDCU2EV" failures="0" tests="2" name="test2" time="10.828" errors="0" timestamp="2022-08-16T10:32:38 IST">
  <testcase classname="Day_032_TestNG_Groups.AllTests" name="AddJobs" time="5.838"/>
  <testcase classname="Day_032_TestNG_Groups.AllTests" name="AddNationalities" time="4.938"/>
  <testcase classname="Day_032_TestNG_Groups.AllTests" name="Google" time="0.0">
    <ignored/>
  </testcase> <!-- Google -->
</testsuite> <!-- test2 -->
