<?xml version="1.0" encoding="UTF-8"?>
<testng-results ignored="0" total="1" passed="1" failed="0" skipped="0">
  <reporter-output>
  </reporter-output>
  <suite started-at="2022-12-14T12:37:24 IST" name="Default suite" finished-at="2022-12-14T12:37:36 IST" duration-ms="11768">
    <groups>
    </groups>
    <test started-at="2022-12-14T12:37:24 IST" name="Default test" finished-at="2022-12-14T12:37:36 IST" duration-ms="11768">
      <class name="Day_37_BrokenLinks.BrokenLinks">
        <test-method signature="Open_OrangeHRM()[pri:0, instance:Day_37_BrokenLinks.BrokenLinks@6392827e]" started-at="2022-12-14T12:37:24 IST" name="Open_OrangeHRM" finished-at="2022-12-14T12:37:36 IST" duration-ms="11733" status="PASS">
          <reporter-output>
          </reporter-output>
        </test-method> <!-- Open_OrangeHRM -->
      </class> <!-- Day_37_BrokenLinks.BrokenLinks -->
    </test> <!-- Default test -->
  </suite> <!-- Default suite -->
</testng-results>
