<?xml version="1.0" encoding="UTF-8"?>
<!-- Generated by org.testng.reporters.JUnitXMLReporter -->
<testsuite ignored="0" hostname="DESKTOP-BP50NPF" failures="1" tests="2" name="Batch-Listeners" time="4.8" errors="0" timestamp="2022-11-18T15:43:52 IST">
  <testcase classname="Day_034_TestNG_Listeners.TestCases" name="Test1" time="4.758"/>
  <testcase classname="Day_034_TestNG_Listeners.TestCases" name="Test2" time="0.003">
    <failure type="java.lang.AssertionError" message="expected [true] but found [false]">
      <![CDATA[java.lang.AssertionError: expected [true] but found [false]
at Day_034_TestNG_Listeners.TestCases.Test2(TestCases.java:38)
at java.base/java.util.ArrayList.forEach(ArrayList.java:1511)
... Removed 31 stack frames]]>
    </failure>
  </testcase> <!-- Test2 -->
</testsuite> <!-- Batch-Listeners -->
